2016-12-18 10:53:49 - ## ---------------------------------- ##
2016-12-18 10:53:49 - ## ------STARTING opc2influxdb ------ ##
2016-12-18 10:53:49 - ## ---------------------------------- ##
2016-12-18 10:53:49 - Config file: default.conf
2016-12-18 10:53:50 - ... FAILED to read Random.Int4
2016-12-18 10:53:50 - 'NoneType' object has no attribute 'read'
2016-12-18 10:53:50 - ... FAILED to read 
2016-12-18 10:53:50 - 'NoneType' object has no attribute 'read'
2016-12-18 10:53:50 - ... FAILED to read 
2016-12-18 10:53:50 - 'NoneType' object has no attribute 'read'
2016-12-18 10:53:50 - ----store to pump failed ----
2016-12-18 10:53:51 - ... FAILED to read *.PLC.Tag_*
2016-12-18 10:53:51 - 'NoneType' object has no attribute 'read'
2016-12-18 10:53:51 - ----store to motor failed ----
2016-12-18 10:54:00 - ... FAILED to read Random.Int4
2016-12-18 10:54:00 - 'NoneType' object has no attribute 'read'
2016-12-18 10:54:00 - ... FAILED to read 
2016-12-18 10:54:00 - 'NoneType' object has no attribute 'read'
2016-12-18 10:54:00 - ... FAILED to read 
2016-12-18 10:54:00 - 'NoneType' object has no attribute 'read'
2016-12-18 10:54:00 - ----store to pump failed ----
2016-12-18 10:54:10 - ... FAILED to read Random.Int4
2016-12-18 10:54:10 - 'NoneType' object has no attribute 'read'
2016-12-18 10:54:10 - ... FAILED to read 
2016-12-18 10:54:10 - 'NoneType' object has no attribute 'read'
2016-12-18 10:54:10 - ... FAILED to read 
2016-12-18 10:54:10 - 'NoneType' object has no attribute 'read'
2016-12-18 10:54:10 - ----store to pump failed ----
2016-12-18 10:54:11 - ... FAILED to read *.PLC.Tag_*
2016-12-18 10:54:11 - 'NoneType' object has no attribute 'read'
2016-12-18 10:54:11 - ----store to motor failed ----
2016-12-18 10:54:20 - ... FAILED to read Random.Int4
2016-12-18 10:54:20 - 'NoneType' object has no attribute 'read'
2016-12-18 10:54:20 - ... FAILED to read 
2016-12-18 10:54:20 - 'NoneType' object has no attribute 'read'
2016-12-18 10:54:20 - ... FAILED to read 
2016-12-18 10:54:20 - 'NoneType' object has no attribute 'read'
2016-12-18 10:54:20 - ----store to pump failed ----
2016-12-18 10:54:30 - ... FAILED to read Random.Int4
2016-12-18 10:54:30 - 'NoneType' object has no attribute 'read'
2016-12-18 10:54:30 - ... FAILED to read 
2016-12-18 10:54:30 - 'NoneType' object has no attribute 'read'
2016-12-18 10:54:30 - ... FAILED to read 
2016-12-18 10:54:30 - 'NoneType' object has no attribute 'read'
2016-12-18 10:54:30 - ----store to pump failed ----
2016-12-18 10:54:31 - ... FAILED to read *.PLC.Tag_*
2016-12-18 10:54:31 - 'NoneType' object has no attribute 'read'
2016-12-18 10:54:31 - ----store to motor failed ----
2016-12-18 10:54:40 - ... FAILED to read Random.Int4
2016-12-18 10:54:40 - 'NoneType' object has no attribute 'read'
2016-12-18 10:54:40 - ... FAILED to read 
2016-12-18 10:54:40 - 'NoneType' object has no attribute 'read'
2016-12-18 10:54:40 - ... FAILED to read 
2016-12-18 10:54:40 - 'NoneType' object has no attribute 'read'
2016-12-18 10:54:40 - ----store to pump failed ----
2016-12-18 10:54:50 - ... FAILED to read Random.Int4
2016-12-18 10:54:50 - 'NoneType' object has no attribute 'read'
2016-12-18 10:54:50 - ... FAILED to read 
2016-12-18 10:54:50 - 'NoneType' object has no attribute 'read'
2016-12-18 10:54:50 - ... FAILED to read 
2016-12-18 10:54:50 - 'NoneType' object has no attribute 'read'
2016-12-18 10:54:50 - ----store to pump failed ----
2016-12-18 10:54:51 - ... FAILED to read *.PLC.Tag_*
2016-12-18 10:54:51 - 'NoneType' object has no attribute 'read'
2016-12-18 10:54:51 - ----store to motor failed ----
2016-12-18 10:55:00 - ... FAILED to read Random.Int4
2016-12-18 10:55:00 - 'NoneType' object has no attribute 'read'
2016-12-18 10:55:00 - ... FAILED to read 
2016-12-18 10:55:00 - 'NoneType' object has no attribute 'read'
2016-12-18 10:55:00 - ... FAILED to read 
2016-12-18 10:55:00 - 'NoneType' object has no attribute 'read'
2016-12-18 10:55:00 - ----store to pump failed ----
2016-12-18 10:55:10 - ... FAILED to read Random.Int4
2016-12-18 10:55:10 - 'NoneType' object has no attribute 'read'
2016-12-18 10:55:10 - ... FAILED to read 
2016-12-18 10:55:10 - 'NoneType' object has no attribute 'read'
2016-12-18 10:55:10 - ... FAILED to read 
2016-12-18 10:55:10 - 'NoneType' object has no attribute 'read'
2016-12-18 10:55:10 - ----store to pump failed ----
2016-12-18 10:55:11 - ... FAILED to read *.PLC.Tag_*
2016-12-18 10:55:11 - 'NoneType' object has no attribute 'read'
2016-12-18 10:55:11 - ----store to motor failed ----
2016-12-18 10:55:20 - ... FAILED to read Random.Int4
2016-12-18 10:55:20 - 'NoneType' object has no attribute 'read'
2016-12-18 10:55:20 - ... FAILED to read 
2016-12-18 10:55:20 - 'NoneType' object has no attribute 'read'
2016-12-18 10:55:20 - ... FAILED to read 
2016-12-18 10:55:20 - 'NoneType' object has no attribute 'read'
2016-12-18 10:55:20 - ----store to pump failed ----
2016-12-18 10:55:22 - ## ---------------------------------- ##
2016-12-18 10:55:22 - ## ------STARTING opc2influxdb ------ ##
2016-12-18 10:55:22 - ## ---------------------------------- ##
2016-12-18 10:55:23 - Config file: default.conf
2016-12-18 10:55:24 - ... FAILED to read Random.Int4
2016-12-18 10:55:24 - 'NoneType' object has no attribute 'read'
2016-12-18 10:55:24 - ... FAILED to read 
2016-12-18 10:55:24 - 'NoneType' object has no attribute 'read'
2016-12-18 10:55:24 - ... FAILED to read 
2016-12-18 10:55:24 - 'NoneType' object has no attribute 'read'
2016-12-18 10:55:24 - ----store to pump failed ----
2016-12-18 10:55:25 - ... FAILED to read *.PLC.Tag_*
2016-12-18 10:55:25 - 'NoneType' object has no attribute 'read'
2016-12-18 10:55:25 - ----store to motor failed ----
2016-12-18 10:55:30 - ... FAILED to read Random.Int4
2016-12-18 10:55:30 - 'NoneType' object has no attribute 'read'
2016-12-18 10:55:30 - ... FAILED to read 
2016-12-18 10:55:30 - 'NoneType' object has no attribute 'read'
2016-12-18 10:55:30 - ... FAILED to read 
2016-12-18 10:55:30 - 'NoneType' object has no attribute 'read'
2016-12-18 10:55:30 - ----store to pump failed ----
2016-12-18 10:55:31 - ... FAILED to read *.PLC.Tag_*
2016-12-18 10:55:31 - 'NoneType' object has no attribute 'read'
2016-12-18 10:55:31 - ----store to motor failed ----
2016-12-18 10:55:34 - ... FAILED to read Random.Int4
2016-12-18 10:55:34 - 'NoneType' object has no attribute 'read'
2016-12-18 10:55:34 - ... FAILED to read 
2016-12-18 10:55:34 - 'NoneType' object has no attribute 'read'
2016-12-18 10:55:34 - ... FAILED to read 
2016-12-18 10:55:34 - 'NoneType' object has no attribute 'read'
2016-12-18 10:55:34 - ----store to pump failed ----
2016-12-18 10:55:40 - ... FAILED to read Random.Int4
2016-12-18 10:55:40 - 'NoneType' object has no attribute 'read'
2016-12-18 10:55:40 - ... FAILED to read 
2016-12-18 10:55:40 - 'NoneType' object has no attribute 'read'
2016-12-18 10:55:40 - ... FAILED to read 
2016-12-18 10:55:40 - 'NoneType' object has no attribute 'read'
2016-12-18 10:55:40 - ----store to pump failed ----
2016-12-18 10:55:50 - ... FAILED to read Random.Int4
2016-12-18 10:55:50 - 'NoneType' object has no attribute 'read'
2016-12-18 10:55:50 - ... FAILED to read 
2016-12-18 10:55:50 - 'NoneType' object has no attribute 'read'
2016-12-18 10:55:50 - ... FAILED to read 
2016-12-18 10:55:50 - 'NoneType' object has no attribute 'read'
2016-12-18 10:55:50 - ----store to pump failed ----
2016-12-18 10:55:51 - ... FAILED to read *.PLC.Tag_*
2016-12-18 10:55:51 - 'NoneType' object has no attribute 'read'
2016-12-18 10:55:51 - ----store to motor failed ----
2016-12-18 18:17:27 - ## ---------------------------------- ##
2016-12-18 18:17:27 - ## ------STARTING opc2influxdb ------ ##
2016-12-18 18:17:27 - ## ---------------------------------- ##
2016-12-18 18:17:27 - Config file: default.conf
2016-12-18 18:17:28 - ... FAILED to read Random.Int4
2016-12-18 18:17:28 - 'NoneType' object has no attribute 'read'
2016-12-18 18:17:28 - ... The opcsever Matrikon.OPC.Simulation.1 is connceting....
2016-12-18 18:17:28 - 'NoneType' object has no attribute 'read'
2016-12-18 18:17:29 - ... FAILED to read *.PLC.Tag_*
2016-12-18 18:17:29 - 'NoneType' object has no attribute 'read'
2016-12-18 18:17:29 - ... The opcsever KEPware.KEPServerEX.V4 is connceting....
2016-12-18 18:17:29 - 'NoneType' object has no attribute 'read'
2016-12-18 18:17:35 - ... Success to connect to OPC Server:KEPware.KEPServerEX.V4
2016-12-18 18:20:09 - ## ---------------------------------- ##
2016-12-18 18:20:09 - ## ------STARTING opc2influxdb ------ ##
2016-12-18 18:20:09 - ## ---------------------------------- ##
2016-12-18 18:21:34 - ## ---------------------------------- ##
2016-12-18 18:21:34 - ## ------STARTING opc2influxdb ------ ##
2016-12-18 18:21:34 - ## ---------------------------------- ##
2016-12-18 18:21:34 - Config file: default.conf
2016-12-18 18:21:35 - ... FAILED to read Random.Int4
2016-12-18 18:21:35 - 'NoneType' object has no attribute 'read'
2016-12-18 18:21:35 - ... The opcsever Matrikon.OPC.Simulation.1 is connceting....
2016-12-18 18:21:35 - 'NoneType' object has no attribute 'read'
2016-12-18 18:40:08 - ## ---------------------------------- ##
2016-12-18 18:40:08 - ## ------STARTING opc2influxdb ------ ##
2016-12-18 18:40:08 - ## ---------------------------------- ##
2016-12-18 18:40:08 - Config file: default.conf
2016-12-18 18:40:09 - ... FAILED to read Random.Int4
2016-12-18 18:40:09 - 'NoneType' object has no attribute 'read'
2016-12-18 18:40:09 - ... The opcsever Matrikon.OPC.Simulation.1 is connceting....
2016-12-18 18:40:09 - 'NoneType' object has no attribute 'read'
2016-12-18 18:40:09 - ... Success to connect to OPC Server:Matrikon.OPC.Simulation.1
2016-12-18 18:41:31 - ## ---------------------------------- ##
2016-12-18 18:41:31 - ## ------STARTING opc2influxdb ------ ##
2016-12-18 18:41:31 - ## ---------------------------------- ##
2016-12-18 18:41:31 - Config file: default.conf
2016-12-18 18:41:32 - ... FAILED to read Random.Int4
2016-12-18 18:41:32 - 'NoneType' object has no attribute 'read'
2016-12-18 18:41:32 - ... The opcsever Matrikon.OPC.Simulation.1 is connceting....
2016-12-18 18:41:32 - 'NoneType' object has no attribute 'read'
2016-12-18 18:41:32 - ... Success to connect to OPC Server:Matrikon.OPC.Simulation.1
2016-12-18 18:42:09 - ## ---------------------------------- ##
2016-12-18 18:42:09 - ## ------STARTING opc2influxdb ------ ##
2016-12-18 18:42:09 - ## ---------------------------------- ##
2016-12-18 18:42:09 - Config file: default.conf
2016-12-18 18:42:10 - ... FAILED to read Random.Int4
2016-12-18 18:42:10 - 'NoneType' object has no attribute 'read'
2016-12-18 18:42:10 - ... The opcsever Matrikon.OPC.Simulation.1 is connceting....
2016-12-18 18:42:10 - 'NoneType' object has no attribute 'read'
2016-12-18 18:42:10 - ... Success to connect to OPC Server:Matrikon.OPC.Simulation.1
2016-12-18 18:42:23 - ... FAILED to store data to DB ... 
2016-12-18 18:42:23 - HTTPConnectionPool(host='127.0.0.1', port=8086): Max retries exceeded with url: /query?q=CREATE+DATABASE+%22pump%22&db=pump (Caused by NewConnectionError('<requests.packages.urllib3.connection.HTTPConnection object at 0x04163C10>: Failed to establish a new connection: [Errno 10061] ',))
2016-12-18 18:44:21 - ## ---------------------------------- ##
2016-12-18 18:44:21 - ## ------STARTING opc2influxdb ------ ##
2016-12-18 18:44:21 - ## ---------------------------------- ##
2016-12-18 18:44:21 - Config file: default.conf
2016-12-18 18:44:22 - ... FAILED to read Random.Int4
2016-12-18 18:44:22 - 'NoneType' object has no attribute 'read'
2016-12-18 18:44:22 - ... The opcsever Matrikon.OPC.Simulation.1 is connceting....
2016-12-18 18:44:22 - 'NoneType' object has no attribute 'read'
2016-12-18 18:44:22 - ... Success to connect to OPC Server:Matrikon.OPC.Simulation.1
2016-12-18 18:44:35 - ... FAILED to store data to DB ... 
2016-12-18 18:44:35 - HTTPConnectionPool(host='127.0.0.1', port=8086): Max retries exceeded with url: /query?q=CREATE+DATABASE+%22pump%22&db=pump (Caused by NewConnectionError('<requests.packages.urllib3.connection.HTTPConnection object at 0x04165C10>: Failed to establish a new connection: [Errno 10061] ',))
2016-12-18 18:44:35 - ... The influxdb pump can not conncet....
2016-12-18 18:44:35 - 'NoneType' object has no attribute 'read'
2016-12-18 18:44:48 - ... FAILED to store data to DB ... 
2016-12-18 18:44:48 - HTTPConnectionPool(host='127.0.0.1', port=8086): Max retries exceeded with url: /query?q=CREATE+DATABASE+%22pump%22&db=pump (Caused by NewConnectionError('<requests.packages.urllib3.connection.HTTPConnection object at 0x04242510>: Failed to establish a new connection: [Errno 10061] ',))
2016-12-18 18:44:48 - ... The influxdb pump can not conncet....
2016-12-18 18:44:48 - 'NoneType' object has no attribute 'read'
2016-12-18 18:45:01 - ... FAILED to store data to DB ... 
2016-12-18 18:45:01 - HTTPConnectionPool(host='127.0.0.1', port=8086): Max retries exceeded with url: /query?q=CREATE+DATABASE+%22pump%22&db=pump (Caused by NewConnectionError('<requests.packages.urllib3.connection.HTTPConnection object at 0x042429D0>: Failed to establish a new connection: [Errno 10061] ',))
2016-12-18 18:45:01 - ... The influxdb pump can not conncet....
2016-12-18 18:45:01 - 'NoneType' object has no attribute 'read'
2016-12-18 18:45:14 - ... FAILED to store data to DB ... 
2016-12-18 18:45:14 - HTTPConnectionPool(host='127.0.0.1', port=8086): Max retries exceeded with url: /query?q=CREATE+DATABASE+%22pump%22&db=pump (Caused by NewConnectionError('<requests.packages.urllib3.connection.HTTPConnection object at 0x04242E90>: Failed to establish a new connection: [Errno 10061] ',))
2016-12-18 18:45:14 - ... The influxdb pump can not conncet....
2016-12-18 18:45:14 - 'NoneType' object has no attribute 'read'
2016-12-18 18:45:27 - ... FAILED to store data to DB ... 
2016-12-18 18:45:27 - HTTPConnectionPool(host='127.0.0.1', port=8086): Max retries exceeded with url: /query?q=CREATE+DATABASE+%22pump%22&db=pump (Caused by NewConnectionError('<requests.packages.urllib3.connection.HTTPConnection object at 0x04249370>: Failed to establish a new connection: [Errno 10061] ',))
2016-12-18 18:45:27 - ... The influxdb pump can not conncet....
2016-12-18 18:45:27 - 'NoneType' object has no attribute 'read'
2016-12-18 18:45:41 - ... FAILED to store data to DB ... 
2016-12-18 18:45:41 - HTTPConnectionPool(host='127.0.0.1', port=8086): Max retries exceeded with url: /query?q=CREATE+DATABASE+%22pump%22&db=pump (Caused by NewConnectionError('<requests.packages.urllib3.connection.HTTPConnection object at 0x042429D0>: Failed to establish a new connection: [Errno 10061] ',))
2016-12-18 18:45:41 - ... The influxdb pump can not conncet....
2016-12-18 18:45:41 - 'NoneType' object has no attribute 'read'
2016-12-18 18:45:54 - ... FAILED to store data to DB ... 
2016-12-18 18:45:54 - HTTPConnectionPool(host='127.0.0.1', port=8086): Max retries exceeded with url: /query?q=CREATE+DATABASE+%22pump%22&db=pump (Caused by NewConnectionError('<requests.packages.urllib3.connection.HTTPConnection object at 0x042424F0>: Failed to establish a new connection: [Errno 10061] ',))
2016-12-18 18:45:54 - ... The influxdb pump can not conncet....
2016-12-18 18:45:54 - 'NoneType' object has no attribute 'read'
2016-12-18 18:46:07 - ... FAILED to store data to DB ... 
2016-12-18 18:46:07 - HTTPConnectionPool(host='127.0.0.1', port=8086): Max retries exceeded with url: /query?q=CREATE+DATABASE+%22pump%22&db=pump (Caused by NewConnectionError('<requests.packages.urllib3.connection.HTTPConnection object at 0x04165FF0>: Failed to establish a new connection: [Errno 10061] ',))
2016-12-18 18:46:07 - ... The influxdb pump can not conncet....
2016-12-18 18:46:07 - 'NoneType' object has no attribute 'read'
2016-12-18 18:46:20 - ... FAILED to store data to DB ... 
2016-12-18 18:46:20 - HTTPConnectionPool(host='127.0.0.1', port=8086): Max retries exceeded with url: /query?q=CREATE+DATABASE+%22pump%22&db=pump (Caused by NewConnectionError('<requests.packages.urllib3.connection.HTTPConnection object at 0x04165970>: Failed to establish a new connection: [Errno 10061] ',))
2016-12-18 18:46:20 - ... The influxdb pump can not conncet....
2016-12-18 18:46:20 - 'NoneType' object has no attribute 'read'
2016-12-18 18:46:30 - ... FAILED to store data to DB ... 
2016-12-18 18:46:30 - 400: {"error":"partial write:\nunable to parse ',quality=Error  1482057990': missing measurement\nunable to parse ',quality=Error  1482057990': missing measurement"}

2016-12-18 18:46:30 - ... The influxdb pump can not conncet....
2016-12-18 18:46:30 - 'NoneType' object has no attribute 'read'
2016-12-18 18:46:40 - ... FAILED to store data to DB ... 
2016-12-18 18:46:40 - 400: {"error":"partial write:\nunable to parse ',quality=Error  1482058000': missing measurement\nunable to parse ',quality=Error  1482058000': missing measurement"}

2016-12-18 18:46:40 - ... The influxdb pump can not conncet....
2016-12-18 18:46:40 - 'NoneType' object has no attribute 'read'
2016-12-18 18:46:50 - ... FAILED to store data to DB ... 
2016-12-18 18:46:50 - 400: {"error":"partial write:\nunable to parse ',quality=Error  1482058010': missing measurement\nunable to parse ',quality=Error  1482058010': missing measurement"}

2016-12-18 18:46:50 - ... The influxdb pump can not conncet....
2016-12-18 18:46:50 - 'NoneType' object has no attribute 'read'
2016-12-18 18:47:01 - ... FAILED to store data to DB ... 
2016-12-18 18:47:01 - 400: {"error":"partial write:\nunable to parse ',quality=Error  1482058020': missing measurement\nunable to parse ',quality=Error  1482058020': missing measurement"}

2016-12-18 18:47:01 - ... The influxdb pump can not conncet....
2016-12-18 18:47:01 - 'NoneType' object has no attribute 'read'
2016-12-18 18:47:11 - ... FAILED to store data to DB ... 
2016-12-18 18:47:11 - 400: {"error":"partial write:\nunable to parse ',quality=Error  1482058031': missing measurement\nunable to parse ',quality=Error  1482058031': missing measurement"}

2016-12-18 18:47:11 - ... The influxdb pump can not conncet....
2016-12-18 18:47:11 - 'NoneType' object has no attribute 'read'
2016-12-18 18:47:21 - ... FAILED to store data to DB ... 
2016-12-18 18:47:21 - 400: {"error":"partial write:\nunable to parse ',quality=Error  1482058041': missing measurement\nunable to parse ',quality=Error  1482058041': missing measurement"}

2016-12-18 18:47:21 - ... The influxdb pump can not conncet....
2016-12-18 18:47:21 - 'NoneType' object has no attribute 'read'
2016-12-18 18:47:31 - ... FAILED to store data to DB ... 
2016-12-18 18:47:31 - 400: {"error":"partial write:\nunable to parse ',quality=Error  1482058051': missing measurement\nunable to parse ',quality=Error  1482058051': missing measurement"}

2016-12-18 18:47:31 - ... The influxdb pump can not conncet....
2016-12-18 18:47:31 - 'NoneType' object has no attribute 'read'
2016-12-18 18:47:41 - ... FAILED to store data to DB ... 
2016-12-18 18:47:41 - 400: {"error":"partial write:\nunable to parse ',quality=Error  1482058061': missing measurement\nunable to parse ',quality=Error  1482058061': missing measurement"}

2016-12-18 18:47:41 - ... The influxdb pump can not conncet....
2016-12-18 18:47:41 - 'NoneType' object has no attribute 'read'
2016-12-18 18:47:51 - ... FAILED to store data to DB ... 
2016-12-18 18:47:51 - 400: {"error":"partial write:\nunable to parse ',quality=Error  1482058071': missing measurement\nunable to parse ',quality=Error  1482058071': missing measurement"}

2016-12-18 18:47:51 - ... The influxdb pump can not conncet....
2016-12-18 18:47:51 - 'NoneType' object has no attribute 'read'
2016-12-18 18:48:02 - ... FAILED to store data to DB ... 
2016-12-18 18:48:02 - 400: {"error":"partial write:\nunable to parse ',quality=Error  1482058081': missing measurement\nunable to parse ',quality=Error  1482058081': missing measurement"}

2016-12-18 18:48:02 - ... The influxdb pump can not conncet....
2016-12-18 18:48:02 - 'NoneType' object has no attribute 'read'
2016-12-18 18:48:12 - ... FAILED to store data to DB ... 
2016-12-18 18:48:12 - 400: {"error":"partial write:\nunable to parse ',quality=Error  1482058092': missing measurement\nunable to parse ',quality=Error  1482058092': missing measurement"}

2016-12-18 18:48:12 - ... The influxdb pump can not conncet....
2016-12-18 18:48:12 - 'NoneType' object has no attribute 'read'
2016-12-18 18:48:22 - ... FAILED to store data to DB ... 
2016-12-18 18:48:22 - 400: {"error":"partial write:\nunable to parse ',quality=Error  1482058102': missing measurement\nunable to parse ',quality=Error  1482058102': missing measurement"}

2016-12-18 18:48:22 - ... The influxdb pump can not conncet....
2016-12-18 18:48:22 - 'NoneType' object has no attribute 'read'
2016-12-18 18:48:32 - ... FAILED to store data to DB ... 
2016-12-18 18:48:32 - 400: {"error":"partial write:\nunable to parse ',quality=Error  1482058112': missing measurement\nunable to parse ',quality=Error  1482058112': missing measurement"}

2016-12-18 18:48:32 - ... The influxdb pump can not conncet....
2016-12-18 18:48:32 - 'NoneType' object has no attribute 'read'
2016-12-18 18:48:42 - ... FAILED to store data to DB ... 
2016-12-18 18:48:42 - 400: {"error":"partial write:\nunable to parse ',quality=Error  1482058122': missing measurement\nunable to parse ',quality=Error  1482058122': missing measurement"}

2016-12-18 18:48:42 - ... The influxdb pump can not conncet....
2016-12-18 18:48:42 - 'NoneType' object has no attribute 'read'
2016-12-18 18:48:52 - ... FAILED to store data to DB ... 
2016-12-18 18:48:52 - 400: {"error":"partial write:\nunable to parse ',quality=Error  1482058132': missing measurement\nunable to parse ',quality=Error  1482058132': missing measurement"}

2016-12-18 18:48:52 - ... The influxdb pump can not conncet....
2016-12-18 18:48:52 - 'NoneType' object has no attribute 'read'
2016-12-18 18:49:02 - ... FAILED to store data to DB ... 
2016-12-18 18:49:02 - 400: {"error":"partial write:\nunable to parse ',quality=Error  1482058142': missing measurement\nunable to parse ',quality=Error  1482058142': missing measurement"}

2016-12-18 18:49:02 - ... The influxdb pump can not conncet....
2016-12-18 18:49:02 - 'NoneType' object has no attribute 'read'
2016-12-18 18:49:13 - ... FAILED to store data to DB ... 
2016-12-18 18:49:13 - 400: {"error":"partial write:\nunable to parse ',quality=Error  1482058153': missing measurement\nunable to parse ',quality=Error  1482058153': missing measurement"}

2016-12-18 18:49:13 - ... The influxdb pump can not conncet....
2016-12-18 18:49:13 - 'NoneType' object has no attribute 'read'
2016-12-18 18:49:23 - ... FAILED to store data to DB ... 
2016-12-18 18:49:23 - 400: {"error":"partial write:\nunable to parse ',quality=Error  1482058163': missing measurement\nunable to parse ',quality=Error  1482058163': missing measurement"}

2016-12-18 18:49:23 - ... The influxdb pump can not conncet....
2016-12-18 18:49:23 - 'NoneType' object has no attribute 'read'
2016-12-18 18:49:33 - ... FAILED to store data to DB ... 
2016-12-18 18:49:33 - 400: {"error":"partial write:\nunable to parse ',quality=Error  1482058173': missing measurement\nunable to parse ',quality=Error  1482058173': missing measurement"}

2016-12-18 18:49:33 - ... The influxdb pump can not conncet....
2016-12-18 18:49:33 - 'NoneType' object has no attribute 'read'
2016-12-18 18:49:43 - ... FAILED to store data to DB ... 
2016-12-18 18:49:43 - 400: {"error":"partial write:\nunable to parse ',quality=Error  1482058183': missing measurement\nunable to parse ',quality=Error  1482058183': missing measurement"}

2016-12-18 18:49:43 - ... The influxdb pump can not conncet....
2016-12-18 18:49:43 - 'NoneType' object has no attribute 'read'
2016-12-18 18:49:53 - ... FAILED to store data to DB ... 
2016-12-18 18:49:53 - 400: {"error":"partial write:\nunable to parse ',quality=Error  1482058193': missing measurement\nunable to parse ',quality=Error  1482058193': missing measurement"}

2016-12-18 18:49:53 - ... The influxdb pump can not conncet....
2016-12-18 18:49:53 - 'NoneType' object has no attribute 'read'
2016-12-18 18:50:03 - ... FAILED to store data to DB ... 
2016-12-18 18:50:03 - 400: {"error":"partial write:\nunable to parse ',quality=Error  1482058203': missing measurement\nunable to parse ',quality=Error  1482058203': missing measurement"}

2016-12-18 18:50:03 - ... The influxdb pump can not conncet....
2016-12-18 18:50:03 - 'NoneType' object has no attribute 'read'
2016-12-18 18:50:14 - ... FAILED to store data to DB ... 
2016-12-18 18:50:14 - 400: {"error":"partial write:\nunable to parse ',quality=Error  1482058213': missing measurement\nunable to parse ',quality=Error  1482058213': missing measurement"}

2016-12-18 18:50:14 - ... The influxdb pump can not conncet....
2016-12-18 18:50:14 - 'NoneType' object has no attribute 'read'
2016-12-18 18:50:24 - ... FAILED to store data to DB ... 
2016-12-18 18:50:24 - 400: {"error":"partial write:\nunable to parse ',quality=Error  1482058224': missing measurement\nunable to parse ',quality=Error  1482058224': missing measurement"}

2016-12-18 18:50:24 - ... The influxdb pump can not conncet....
2016-12-18 18:50:24 - 'NoneType' object has no attribute 'read'
2016-12-18 18:50:34 - ... FAILED to store data to DB ... 
2016-12-18 18:50:34 - 400: {"error":"partial write:\nunable to parse ',quality=Error  1482058234': missing measurement\nunable to parse ',quality=Error  1482058234': missing measurement"}

2016-12-18 18:50:34 - ... The influxdb pump can not conncet....
2016-12-18 18:50:34 - 'NoneType' object has no attribute 'read'
2016-12-18 18:50:44 - ... FAILED to store data to DB ... 
2016-12-18 18:50:44 - 400: {"error":"partial write:\nunable to parse ',quality=Error  1482058244': missing measurement\nunable to parse ',quality=Error  1482058244': missing measurement"}

2016-12-18 18:50:44 - ... The influxdb pump can not conncet....
2016-12-18 18:50:44 - 'NoneType' object has no attribute 'read'
2016-12-18 18:50:54 - ... FAILED to store data to DB ... 
2016-12-18 18:50:54 - 400: {"error":"partial write:\nunable to parse ',quality=Error  1482058254': missing measurement\nunable to parse ',quality=Error  1482058254': missing measurement"}

2016-12-18 18:50:54 - ... The influxdb pump can not conncet....
2016-12-18 18:50:54 - 'NoneType' object has no attribute 'read'
2016-12-18 18:51:04 - ... FAILED to store data to DB ... 
2016-12-18 18:51:04 - 400: {"error":"partial write:\nunable to parse ',quality=Error  1482058264': missing measurement\nunable to parse ',quality=Error  1482058264': missing measurement"}

2016-12-18 18:51:04 - ... The influxdb pump can not conncet....
2016-12-18 18:51:04 - 'NoneType' object has no attribute 'read'
2016-12-18 18:51:14 - ... FAILED to store data to DB ... 
2016-12-18 18:51:14 - 400: {"error":"partial write:\nunable to parse ',quality=Error  1482058274': missing measurement\nunable to parse ',quality=Error  1482058274': missing measurement"}

2016-12-18 18:51:14 - ... The influxdb pump can not conncet....
2016-12-18 18:51:14 - 'NoneType' object has no attribute 'read'
2016-12-18 18:51:24 - ... FAILED to store data to DB ... 
2016-12-18 18:51:24 - 400: {"error":"partial write:\nunable to parse ',quality=Error  1482058284': missing measurement\nunable to parse ',quality=Error  1482058284': missing measurement"}

2016-12-18 18:51:24 - ... The influxdb pump can not conncet....
2016-12-18 18:51:24 - 'NoneType' object has no attribute 'read'
2016-12-18 18:51:35 - ... FAILED to store data to DB ... 
2016-12-18 18:51:35 - 400: {"error":"partial write:\nunable to parse ',quality=Error  1482058294': missing measurement\nunable to parse ',quality=Error  1482058294': missing measurement"}

2016-12-18 18:51:35 - ... The influxdb pump can not conncet....
2016-12-18 18:51:35 - 'NoneType' object has no attribute 'read'
2016-12-18 18:51:45 - ... FAILED to store data to DB ... 
2016-12-18 18:51:45 - 400: {"error":"partial write:\nunable to parse ',quality=Error  1482058305': missing measurement\nunable to parse ',quality=Error  1482058305': missing measurement"}

2016-12-18 18:51:45 - ... The influxdb pump can not conncet....
2016-12-18 18:51:45 - 'NoneType' object has no attribute 'read'
2016-12-18 18:51:55 - ... FAILED to store data to DB ... 
2016-12-18 18:51:55 - 400: {"error":"partial write:\nunable to parse ',quality=Error  1482058315': missing measurement\nunable to parse ',quality=Error  1482058315': missing measurement"}

2016-12-18 18:51:55 - ... The influxdb pump can not conncet....
2016-12-18 18:51:55 - 'NoneType' object has no attribute 'read'
2016-12-18 18:52:05 - ... FAILED to store data to DB ... 
2016-12-18 18:52:05 - 400: {"error":"partial write:\nunable to parse ',quality=Error  1482058325': missing measurement\nunable to parse ',quality=Error  1482058325': missing measurement"}

2016-12-18 18:52:05 - ... The influxdb pump can not conncet....
2016-12-18 18:52:05 - 'NoneType' object has no attribute 'read'
2016-12-18 18:52:15 - ... FAILED to store data to DB ... 
2016-12-18 18:52:15 - 400: {"error":"partial write:\nunable to parse ',quality=Error  1482058335': missing measurement\nunable to parse ',quality=Error  1482058335': missing measurement"}

2016-12-18 18:52:15 - ... The influxdb pump can not conncet....
2016-12-18 18:52:15 - 'NoneType' object has no attribute 'read'
2016-12-18 18:52:25 - ... FAILED to store data to DB ... 
2016-12-18 18:52:25 - 400: {"error":"partial write:\nunable to parse ',quality=Error  1482058345': missing measurement\nunable to parse ',quality=Error  1482058345': missing measurement"}

2016-12-18 18:52:25 - ... The influxdb pump can not conncet....
2016-12-18 18:52:25 - 'NoneType' object has no attribute 'read'
2016-12-18 18:52:35 - ... FAILED to store data to DB ... 
2016-12-18 18:52:35 - 400: {"error":"partial write:\nunable to parse ',quality=Error  1482058355': missing measurement\nunable to parse ',quality=Error  1482058355': missing measurement"}

2016-12-18 18:52:35 - ... The influxdb pump can not conncet....
2016-12-18 18:52:35 - 'NoneType' object has no attribute 'read'
2016-12-18 18:52:46 - ... FAILED to store data to DB ... 
2016-12-18 18:52:46 - 400: {"error":"partial write:\nunable to parse ',quality=Error  1482058366': missing measurement\nunable to parse ',quality=Error  1482058366': missing measurement"}

2016-12-18 18:52:46 - ... The influxdb pump can not conncet....
2016-12-18 18:52:46 - 'NoneType' object has no attribute 'read'
2016-12-18 18:52:56 - ... FAILED to store data to DB ... 
2016-12-18 18:52:56 - 400: {"error":"partial write:\nunable to parse ',quality=Error  1482058376': missing measurement\nunable to parse ',quality=Error  1482058376': missing measurement"}

2016-12-18 18:52:56 - ... The influxdb pump can not conncet....
2016-12-18 18:52:56 - 'NoneType' object has no attribute 'read'
2016-12-18 18:53:06 - ... FAILED to store data to DB ... 
2016-12-18 18:53:06 - 400: {"error":"partial write:\nunable to parse ',quality=Error  1482058386': missing measurement\nunable to parse ',quality=Error  1482058386': missing measurement"}

2016-12-18 18:53:06 - ... The influxdb pump can not conncet....
2016-12-18 18:53:06 - 'NoneType' object has no attribute 'read'
2016-12-18 18:53:16 - ... FAILED to store data to DB ... 
2016-12-18 18:53:16 - 400: {"error":"partial write:\nunable to parse ',quality=Error  1482058396': missing measurement\nunable to parse ',quality=Error  1482058396': missing measurement"}

2016-12-18 18:53:16 - ... The influxdb pump can not conncet....
2016-12-18 18:53:16 - 'NoneType' object has no attribute 'read'
2016-12-18 18:53:26 - ... FAILED to store data to DB ... 
2016-12-18 18:53:26 - 400: {"error":"partial write:\nunable to parse ',quality=Error  1482058406': missing measurement\nunable to parse ',quality=Error  1482058406': missing measurement"}

2016-12-18 18:53:26 - ... The influxdb pump can not conncet....
2016-12-18 18:53:26 - 'NoneType' object has no attribute 'read'
2016-12-18 18:53:36 - ... FAILED to store data to DB ... 
2016-12-18 18:53:36 - 400: {"error":"partial write:\nunable to parse ',quality=Error  1482058416': missing measurement\nunable to parse ',quality=Error  1482058416': missing measurement"}

2016-12-18 18:53:36 - ... The influxdb pump can not conncet....
2016-12-18 18:53:36 - 'NoneType' object has no attribute 'read'
2016-12-18 18:53:46 - ... FAILED to store data to DB ... 
2016-12-18 18:53:46 - 400: {"error":"partial write:\nunable to parse ',quality=Error  1482058426': missing measurement\nunable to parse ',quality=Error  1482058426': missing measurement"}

2016-12-18 18:53:46 - ... The influxdb pump can not conncet....
2016-12-18 18:53:46 - 'NoneType' object has no attribute 'read'
2016-12-18 18:53:57 - ... FAILED to store data to DB ... 
2016-12-18 18:53:57 - 400: {"error":"partial write:\nunable to parse ',quality=Error  1482058437': missing measurement\nunable to parse ',quality=Error  1482058437': missing measurement"}

2016-12-18 18:53:57 - ... The influxdb pump can not conncet....
2016-12-18 18:53:57 - 'NoneType' object has no attribute 'read'
2016-12-18 18:54:07 - ... FAILED to store data to DB ... 
2016-12-18 18:54:07 - 400: {"error":"partial write:\nunable to parse ',quality=Error  1482058447': missing measurement\nunable to parse ',quality=Error  1482058447': missing measurement"}

2016-12-18 18:54:07 - ... The influxdb pump can not conncet....
2016-12-18 18:54:07 - 'NoneType' object has no attribute 'read'
2016-12-18 18:54:17 - ... FAILED to store data to DB ... 
2016-12-18 18:54:17 - 400: {"error":"partial write:\nunable to parse ',quality=Error  1482058457': missing measurement\nunable to parse ',quality=Error  1482058457': missing measurement"}

2016-12-18 18:54:17 - ... The influxdb pump can not conncet....
2016-12-18 18:54:17 - 'NoneType' object has no attribute 'read'
2016-12-18 18:54:27 - ... FAILED to store data to DB ... 
2016-12-18 18:54:27 - 400: {"error":"partial write:\nunable to parse ',quality=Error  1482058467': missing measurement\nunable to parse ',quality=Error  1482058467': missing measurement"}

2016-12-18 18:54:27 - ... The influxdb pump can not conncet....
2016-12-18 18:54:27 - 'NoneType' object has no attribute 'read'
2016-12-18 18:57:14 - ## ---------------------------------- ##
2016-12-18 18:57:14 - ## ------STARTING opc2influxdb ------ ##
2016-12-18 18:57:14 - ## ---------------------------------- ##
2016-12-18 18:57:14 - Config file: default.conf
2016-12-18 18:57:15 - ... FAILED to read Random.Int4
2016-12-18 18:57:15 - 'NoneType' object has no attribute 'read'
2016-12-18 18:57:15 - ... The opcsever Matrikon.OPC.Simulation.1 is connceting....
2016-12-18 18:57:15 - 'NoneType' object has no attribute 'read'
2016-12-18 18:57:16 - ... Success to connect to OPC Server:Matrikon.OPC.Simulation.1
2016-12-18 19:01:04 - ## ---------------------------------- ##
2016-12-18 19:01:04 - ## ------STARTING opc2influxdb ------ ##
2016-12-18 19:01:04 - ## ---------------------------------- ##
2016-12-18 19:01:04 - Config file: default.conf
2016-12-18 19:01:05 - ... Success to connect to OPC Server:Matrikon.OPC.Simulation.1
2016-12-18 19:01:41 - ## ---------------------------------- ##
2016-12-18 19:01:41 - ## ------STARTING opc2influxdb ------ ##
2016-12-18 19:01:41 - ## ---------------------------------- ##
2016-12-18 19:01:41 - Config file: default.conf
2016-12-18 19:01:42 - ... Success to connect to OPC Server:Matrikon.OPC.Simulation.1
2016-12-18 19:01:43 - ... Success to connect to OPC Server:KEPware.KEPServerEX.V4
2016-12-18 19:03:05 - ... FAILED to read *.PLC.Tag_*
2016-12-18 19:03:05 - list index out of range
2016-12-18 19:03:05 - ... The opcsever KEPware.KEPServerEX.V4 is connceting....
2016-12-18 19:03:05 - list index out of range
2016-12-18 19:13:46 - ## ---------------------------------- ##
2016-12-18 19:13:46 - ## ------STARTING opc2influxdb ------ ##
2016-12-18 19:13:46 - ## ---------------------------------- ##
2016-12-18 19:13:46 - Config file: default.conf
2016-12-18 19:13:47 - ... Success to connect to OPC Server:Matrikon.OPC.Simulation.1
2016-12-18 19:13:51 - ... Success to connect to OPC Server:KEPware.KEPServerEX.V4
2016-12-18 19:15:54 - ... FAILED to read *.PLC.Tag_*
2016-12-18 19:15:54 - list index out of range
2016-12-18 19:15:54 - ... The opcsever KEPware.KEPServerEX.V4 is connceting....
2016-12-18 19:15:54 - list index out of range
2016-12-18 19:15:54 - connect KEPware.KEPServerEX.V4 opcserver error
2016-12-18 19:16:14 - ... FAILED to read *.PLC.Tag_*
2016-12-18 19:16:14 - ... The opcsever KEPware.KEPServerEX.V4 is connceting....
2016-12-18 19:16:16 - ... Success to connect to OPC Server:KEPware.KEPServerEX.V4
2016-12-18 20:39:52 - ## ---------------------------------- ##
2016-12-18 20:39:52 - ## ------STARTING opc2influxdb ------ ##
2016-12-18 20:39:52 - ## ---------------------------------- ##
2016-12-18 20:39:52 - Config file: default.conf
2016-12-18 20:39:53 - ... Success to connect to OPC Server:Matrikon.OPC.Simulation.1
2016-12-18 20:39:54 - ... Success to connect to OPC Server:KEPware.KEPServerEX.V4
2016-12-18 20:41:04 - ## ---------------------------------- ##
2016-12-18 20:41:04 - ## ------STARTING opc2influxdb ------ ##
2016-12-18 20:41:04 - ## ---------------------------------- ##
2016-12-18 20:41:04 - Config file: default.conf
2016-12-18 20:41:05 - ... Success to connect to OPC Server:Matrikon.OPC.Simulation.1
2016-12-18 20:41:06 - ... Success to connect to OPC Server:KEPware.KEPServerEX.V4
2016-12-18 20:41:59 - ## ---------------------------------- ##
2016-12-18 20:41:59 - ## ------STARTING opc2influxdb ------ ##
2016-12-18 20:41:59 - ## ---------------------------------- ##
2016-12-18 20:41:59 - Config file: default.conf
2016-12-18 20:42:00 - ... Success to connect to OPC Server:Matrikon.OPC.Simulation.1
2016-12-18 20:42:00 - ....The ['Random.Int4', '', ''] of Matrikon.OPC.Simulation.1 read and store is ok .... 
2016-12-18 20:42:01 - ... Success to connect to OPC Server:KEPware.KEPServerEX.V4
2016-12-18 20:42:01 - ....The ['*.PLC.Tag_*'] of KEPware.KEPServerEX.V4 read and store is ok .... 
2016-12-18 20:42:10 - ....The ['Random.Int4', '', ''] of Matrikon.OPC.Simulation.1 read and store is ok .... 
2016-12-18 20:42:20 - ....The ['Random.Int4', '', ''] of Matrikon.OPC.Simulation.1 read and store is ok .... 
2016-12-18 20:42:22 - ....The ['*.PLC.Tag_*'] of KEPware.KEPServerEX.V4 read and store is ok .... 
2016-12-18 20:42:33 - ## ---------------------------------- ##
2016-12-18 20:42:33 - ## ------STARTING opc2influxdb ------ ##
2016-12-18 20:42:33 - ## ---------------------------------- ##
2016-12-18 20:42:33 - Config file: default.conf
2016-12-18 20:42:34 - ... Success to connect to OPC Server:Matrikon.OPC.Simulation.1
2016-12-18 20:42:34 - ....The ['Random.Int4', '', ''] of Matrikon.OPC.Simulation.1 read and store is ok .... 
2016-12-18 20:42:35 - ... Success to connect to OPC Server:KEPware.KEPServerEX.V4
2016-12-18 20:42:36 - ....The ['*.PLC.Tag_*'] of KEPware.KEPServerEX.V4 read and store is ok .... 
2016-12-18 20:42:44 - ....The ['Random.Int4', '', ''] of Matrikon.OPC.Simulation.1 read and store is ok .... 
2016-12-18 20:42:54 - ....The ['Random.Int4', '', ''] of Matrikon.OPC.Simulation.1 read and store is ok .... 
2016-12-18 20:42:56 - ....The ['*.PLC.Tag_*'] of KEPware.KEPServerEX.V4 read and store is ok .... 
2016-12-18 20:43:05 - ....The ['Random.Int4', '', ''] of Matrikon.OPC.Simulation.1 read and store is ok .... 
2016-12-18 20:43:15 - ....The ['Random.Int4', '', ''] of Matrikon.OPC.Simulation.1 read and store is ok .... 
2016-12-18 20:43:16 - ....The ['*.PLC.Tag_*'] of KEPware.KEPServerEX.V4 read and store is ok .... 
2016-12-18 20:43:25 - ....The ['Random.Int4', '', ''] of Matrikon.OPC.Simulation.1 read and store is ok .... 
2016-12-18 20:43:35 - ....The ['Random.Int4', '', ''] of Matrikon.OPC.Simulation.1 read and store is ok .... 
2016-12-18 20:43:37 - ....The ['*.PLC.Tag_*'] of KEPware.KEPServerEX.V4 read and store is ok .... 
2016-12-18 20:43:45 - ....The ['Random.Int4', '', ''] of Matrikon.OPC.Simulation.1 read and store is ok .... 
2016-12-18 20:43:55 - ....The ['Random.Int4', '', ''] of Matrikon.OPC.Simulation.1 read and store is ok .... 
2016-12-18 20:43:57 - ....The ['*.PLC.Tag_*'] of KEPware.KEPServerEX.V4 read and store is ok .... 
2016-12-18 20:44:06 - ....The ['Random.Int4', '', ''] of Matrikon.OPC.Simulation.1 read and store is ok .... 
2016-12-18 20:44:16 - ....The ['Random.Int4', '', ''] of Matrikon.OPC.Simulation.1 read and store is ok .... 
2016-12-18 20:44:18 - ....The ['*.PLC.Tag_*'] of KEPware.KEPServerEX.V4 read and store is ok .... 
2016-12-18 20:44:26 - ....The ['Random.Int4', '', ''] of Matrikon.OPC.Simulation.1 read and store is ok .... 
2016-12-18 20:44:36 - ....The ['Random.Int4', '', ''] of Matrikon.OPC.Simulation.1 read and store is ok .... 
2016-12-18 20:44:38 - ....The ['*.PLC.Tag_*'] of KEPware.KEPServerEX.V4 read and store is ok .... 
2016-12-18 20:44:46 - ....The ['Random.Int4', '', ''] of Matrikon.OPC.Simulation.1 read and store is ok .... 
2016-12-18 20:44:56 - ....The ['Random.Int4', '', ''] of Matrikon.OPC.Simulation.1 read and store is ok .... 
2016-12-18 20:44:59 - ....The ['*.PLC.Tag_*'] of KEPware.KEPServerEX.V4 read and store is ok .... 
2016-12-18 20:45:06 - ....The ['Random.Int4', '', ''] of Matrikon.OPC.Simulation.1 read and store is ok .... 
2016-12-18 20:45:16 - ....The ['Random.Int4', '', ''] of Matrikon.OPC.Simulation.1 read and store is ok .... 
2016-12-18 20:45:19 - ....The ['*.PLC.Tag_*'] of KEPware.KEPServerEX.V4 read and store is ok .... 
2016-12-18 20:45:27 - ....The ['Random.Int4', '', ''] of Matrikon.OPC.Simulation.1 read and store is ok .... 
2016-12-18 20:45:37 - ....The ['Random.Int4', '', ''] of Matrikon.OPC.Simulation.1 read and store is ok .... 
2016-12-18 20:45:40 - ....The ['*.PLC.Tag_*'] of KEPware.KEPServerEX.V4 read and store is ok .... 
2016-12-18 20:45:47 - ....The ['Random.Int4', '', ''] of Matrikon.OPC.Simulation.1 read and store is ok .... 
2016-12-18 20:45:57 - ....The ['Random.Int4', '', ''] of Matrikon.OPC.Simulation.1 read and store is ok .... 
2016-12-18 20:46:00 - ....The ['*.PLC.Tag_*'] of KEPware.KEPServerEX.V4 read and store is ok .... 
2016-12-18 20:46:07 - ....The ['Random.Int4', '', ''] of Matrikon.OPC.Simulation.1 read and store is ok .... 
2016-12-18 20:46:17 - ....The ['Random.Int4', '', ''] of Matrikon.OPC.Simulation.1 read and store is ok .... 
2016-12-18 20:46:20 - ....The ['*.PLC.Tag_*'] of KEPware.KEPServerEX.V4 read and store is ok .... 
2016-12-18 20:46:27 - ....The ['Random.Int4', '', ''] of Matrikon.OPC.Simulation.1 read and store is ok .... 
2016-12-18 20:46:37 - ....The ['Random.Int4', '', ''] of Matrikon.OPC.Simulation.1 read and store is ok .... 
2016-12-18 20:46:41 - ....The ['*.PLC.Tag_*'] of KEPware.KEPServerEX.V4 read and store is ok .... 
2016-12-18 20:46:48 - ....The ['Random.Int4', '', ''] of Matrikon.OPC.Simulation.1 read and store is ok .... 
2016-12-18 20:46:58 - ....The ['Random.Int4', '', ''] of Matrikon.OPC.Simulation.1 read and store is ok .... 
2016-12-18 20:47:01 - ....The ['*.PLC.Tag_*'] of KEPware.KEPServerEX.V4 read and store is ok .... 
2016-12-18 20:47:08 - ....The ['Random.Int4', '', ''] of Matrikon.OPC.Simulation.1 read and store is ok .... 
2016-12-18 20:47:18 - ....The ['Random.Int4', '', ''] of Matrikon.OPC.Simulation.1 read and store is ok .... 
2016-12-18 20:47:22 - ....The ['*.PLC.Tag_*'] of KEPware.KEPServerEX.V4 read and store is ok .... 
2016-12-18 20:47:28 - ....The ['Random.Int4', '', ''] of Matrikon.OPC.Simulation.1 read and store is ok .... 
2016-12-18 20:47:38 - ....The ['Random.Int4', '', ''] of Matrikon.OPC.Simulation.1 read and store is ok .... 
2016-12-18 20:47:42 - ....The ['*.PLC.Tag_*'] of KEPware.KEPServerEX.V4 read and store is ok .... 
2016-12-18 20:47:48 - ....The ['Random.Int4', '', ''] of Matrikon.OPC.Simulation.1 read and store is ok .... 
2016-12-18 20:47:59 - ....The ['Random.Int4', '', ''] of Matrikon.OPC.Simulation.1 read and store is ok .... 
2016-12-18 20:48:03 - ....The ['*.PLC.Tag_*'] of KEPware.KEPServerEX.V4 read and store is ok .... 
2016-12-18 20:48:09 - ....The ['Random.Int4', '', ''] of Matrikon.OPC.Simulation.1 read and store is ok .... 
2016-12-18 20:48:19 - ....The ['Random.Int4', '', ''] of Matrikon.OPC.Simulation.1 read and store is ok .... 
2016-12-18 20:48:23 - ....The ['*.PLC.Tag_*'] of KEPware.KEPServerEX.V4 read and store is ok .... 
2016-12-18 20:48:29 - ....The ['Random.Int4', '', ''] of Matrikon.OPC.Simulation.1 read and store is ok .... 
2016-12-18 20:48:39 - ....The ['Random.Int4', '', ''] of Matrikon.OPC.Simulation.1 read and store is ok .... 
2016-12-18 20:48:43 - ....The ['*.PLC.Tag_*'] of KEPware.KEPServerEX.V4 read and store is ok .... 
2016-12-18 20:48:49 - ....The ['Random.Int4', '', ''] of Matrikon.OPC.Simulation.1 read and store is ok .... 
2016-12-18 20:48:59 - ....The ['Random.Int4', '', ''] of Matrikon.OPC.Simulation.1 read and store is ok .... 
2016-12-18 20:49:04 - ....The ['*.PLC.Tag_*'] of KEPware.KEPServerEX.V4 read and store is ok .... 
2016-12-18 20:49:09 - ....The ['Random.Int4', '', ''] of Matrikon.OPC.Simulation.1 read and store is ok .... 
2016-12-18 20:49:20 - ....The ['Random.Int4', '', ''] of Matrikon.OPC.Simulation.1 read and store is ok .... 
2016-12-18 20:49:24 - ....The ['*.PLC.Tag_*'] of KEPware.KEPServerEX.V4 read and store is ok .... 
2016-12-18 20:49:30 - ....The ['Random.Int4', '', ''] of Matrikon.OPC.Simulation.1 read and store is ok .... 
2016-12-18 20:49:40 - ....The ['Random.Int4', '', ''] of Matrikon.OPC.Simulation.1 read and store is ok .... 
2016-12-18 20:49:45 - ....The ['*.PLC.Tag_*'] of KEPware.KEPServerEX.V4 read and store is ok .... 
2016-12-18 20:49:50 - ....The ['Random.Int4', '', ''] of Matrikon.OPC.Simulation.1 read and store is ok .... 
2016-12-18 20:50:00 - ....The ['Random.Int4', '', ''] of Matrikon.OPC.Simulation.1 read and store is ok .... 
2016-12-18 20:50:05 - ....The ['*.PLC.Tag_*'] of KEPware.KEPServerEX.V4 read and store is ok .... 
2016-12-18 20:50:10 - ....The ['Random.Int4', '', ''] of Matrikon.OPC.Simulation.1 read and store is ok .... 
2016-12-18 20:50:20 - ....The ['Random.Int4', '', ''] of Matrikon.OPC.Simulation.1 read and store is ok .... 
2016-12-18 20:50:25 - ....The ['*.PLC.Tag_*'] of KEPware.KEPServerEX.V4 read and store is ok .... 
2016-12-18 20:50:30 - ....The ['Random.Int4', '', ''] of Matrikon.OPC.Simulation.1 read and store is ok .... 
2016-12-18 20:50:41 - ....The ['Random.Int4', '', ''] of Matrikon.OPC.Simulation.1 read and store is ok .... 
2016-12-18 20:50:46 - ....The ['*.PLC.Tag_*'] of KEPware.KEPServerEX.V4 read and store is ok .... 
2016-12-18 20:50:51 - ....The ['Random.Int4', '', ''] of Matrikon.OPC.Simulation.1 read and store is ok .... 
2016-12-18 20:51:01 - ....The ['Random.Int4', '', ''] of Matrikon.OPC.Simulation.1 read and store is ok .... 
2016-12-18 20:51:06 - ....The ['*.PLC.Tag_*'] of KEPware.KEPServerEX.V4 read and store is ok .... 
2016-12-18 20:51:11 - ....The ['Random.Int4', '', ''] of Matrikon.OPC.Simulation.1 read and store is ok .... 
2016-12-18 20:51:21 - ....The ['Random.Int4', '', ''] of Matrikon.OPC.Simulation.1 read and store is ok .... 
2016-12-18 20:51:27 - ....The ['*.PLC.Tag_*'] of KEPware.KEPServerEX.V4 read and store is ok .... 
2016-12-18 20:51:31 - ....The ['Random.Int4', '', ''] of Matrikon.OPC.Simulation.1 read and store is ok .... 
2016-12-18 20:51:41 - ....The ['Random.Int4', '', ''] of Matrikon.OPC.Simulation.1 read and store is ok .... 
2016-12-18 20:51:47 - ....The ['*.PLC.Tag_*'] of KEPware.KEPServerEX.V4 read and store is ok .... 
2016-12-18 20:51:52 - ....The ['Random.Int4', '', ''] of Matrikon.OPC.Simulation.1 read and store is ok .... 
2016-12-18 20:52:02 - ....The ['Random.Int4', '', ''] of Matrikon.OPC.Simulation.1 read and store is ok .... 
2016-12-18 20:52:08 - ....The ['*.PLC.Tag_*'] of KEPware.KEPServerEX.V4 read and store is ok .... 
2016-12-18 20:52:12 - ....The ['Random.Int4', '', ''] of Matrikon.OPC.Simulation.1 read and store is ok .... 
2016-12-18 20:52:22 - ....The ['Random.Int4', '', ''] of Matrikon.OPC.Simulation.1 read and store is ok .... 
2016-12-18 20:52:28 - ....The ['*.PLC.Tag_*'] of KEPware.KEPServerEX.V4 read and store is ok .... 
2016-12-18 20:52:32 - ....The ['Random.Int4', '', ''] of Matrikon.OPC.Simulation.1 read and store is ok .... 
2016-12-18 20:52:42 - ....The ['Random.Int4', '', ''] of Matrikon.OPC.Simulation.1 read and store is ok .... 
2016-12-18 20:52:49 - ....The ['*.PLC.Tag_*'] of KEPware.KEPServerEX.V4 read and store is ok .... 
2016-12-18 20:52:52 - ....The ['Random.Int4', '', ''] of Matrikon.OPC.Simulation.1 read and store is ok .... 
2016-12-18 20:53:02 - ....The ['Random.Int4', '', ''] of Matrikon.OPC.Simulation.1 read and store is ok .... 
2016-12-18 20:53:09 - ....The ['*.PLC.Tag_*'] of KEPware.KEPServerEX.V4 read and store is ok .... 
2016-12-18 20:53:13 - ....The ['Random.Int4', '', ''] of Matrikon.OPC.Simulation.1 read and store is ok .... 
2016-12-18 20:53:23 - ....The ['Random.Int4', '', ''] of Matrikon.OPC.Simulation.1 read and store is ok .... 
2016-12-18 20:53:30 - ....The ['*.PLC.Tag_*'] of KEPware.KEPServerEX.V4 read and store is ok .... 
2016-12-18 20:53:33 - ....The ['Random.Int4', '', ''] of Matrikon.OPC.Simulation.1 read and store is ok .... 
2016-12-18 20:53:43 - ....The ['Random.Int4', '', ''] of Matrikon.OPC.Simulation.1 read and store is ok .... 
2016-12-18 20:53:50 - ....The ['*.PLC.Tag_*'] of KEPware.KEPServerEX.V4 read and store is ok .... 
2016-12-18 20:53:53 - ....The ['Random.Int4', '', ''] of Matrikon.OPC.Simulation.1 read and store is ok .... 
2016-12-18 20:54:03 - ....The ['Random.Int4', '', ''] of Matrikon.OPC.Simulation.1 read and store is ok .... 
2016-12-18 20:54:10 - ....The ['*.PLC.Tag_*'] of KEPware.KEPServerEX.V4 read and store is ok .... 
2016-12-18 20:54:13 - ....The ['Random.Int4', '', ''] of Matrikon.OPC.Simulation.1 read and store is ok .... 
2016-12-18 20:54:24 - ....The ['Random.Int4', '', ''] of Matrikon.OPC.Simulation.1 read and store is ok .... 
2016-12-18 20:54:31 - ....The ['*.PLC.Tag_*'] of KEPware.KEPServerEX.V4 read and store is ok .... 
2016-12-18 20:54:34 - ....The ['Random.Int4', '', ''] of Matrikon.OPC.Simulation.1 read and store is ok .... 
2016-12-18 20:54:44 - ....The ['Random.Int4', '', ''] of Matrikon.OPC.Simulation.1 read and store is ok .... 
2016-12-18 20:54:51 - ....The ['*.PLC.Tag_*'] of KEPware.KEPServerEX.V4 read and store is ok .... 
2016-12-18 20:54:54 - ....The ['Random.Int4', '', ''] of Matrikon.OPC.Simulation.1 read and store is ok .... 
2016-12-18 20:55:04 - ....The ['Random.Int4', '', ''] of Matrikon.OPC.Simulation.1 read and store is ok .... 
2016-12-18 20:55:12 - ....The ['*.PLC.Tag_*'] of KEPware.KEPServerEX.V4 read and store is ok .... 
2016-12-18 20:55:14 - ....The ['Random.Int4', '', ''] of Matrikon.OPC.Simulation.1 read and store is ok .... 
2016-12-18 20:55:24 - ....The ['Random.Int4', '', ''] of Matrikon.OPC.Simulation.1 read and store is ok .... 
2016-12-18 20:55:32 - ....The ['*.PLC.Tag_*'] of KEPware.KEPServerEX.V4 read and store is ok .... 
2016-12-18 20:55:35 - ....The ['Random.Int4', '', ''] of Matrikon.OPC.Simulation.1 read and store is ok .... 
2016-12-18 20:55:45 - ....The ['Random.Int4', '', ''] of Matrikon.OPC.Simulation.1 read and store is ok .... 
2016-12-18 20:55:53 - ....The ['*.PLC.Tag_*'] of KEPware.KEPServerEX.V4 read and store is ok .... 
2016-12-18 20:55:55 - ....The ['Random.Int4', '', ''] of Matrikon.OPC.Simulation.1 read and store is ok .... 
2016-12-18 20:56:05 - ....The ['Random.Int4', '', ''] of Matrikon.OPC.Simulation.1 read and store is ok .... 
2016-12-18 20:56:13 - ....The ['*.PLC.Tag_*'] of KEPware.KEPServerEX.V4 read and store is ok .... 
2016-12-18 20:56:15 - ....The ['Random.Int4', '', ''] of Matrikon.OPC.Simulation.1 read and store is ok .... 
2016-12-18 20:56:25 - ....The ['Random.Int4', '', ''] of Matrikon.OPC.Simulation.1 read and store is ok .... 
2016-12-18 20:56:34 - ....The ['*.PLC.Tag_*'] of KEPware.KEPServerEX.V4 read and store is ok .... 
2016-12-18 20:56:36 - ....The ['Random.Int4', '', ''] of Matrikon.OPC.Simulation.1 read and store is ok .... 
2016-12-18 20:56:46 - ....The ['Random.Int4', '', ''] of Matrikon.OPC.Simulation.1 read and store is ok .... 
2016-12-18 20:56:54 - ....The ['*.PLC.Tag_*'] of KEPware.KEPServerEX.V4 read and store is ok .... 
2016-12-18 20:56:56 - ....The ['Random.Int4', '', ''] of Matrikon.OPC.Simulation.1 read and store is ok .... 
2016-12-18 20:57:06 - ....The ['Random.Int4', '', ''] of Matrikon.OPC.Simulation.1 read and store is ok .... 
2016-12-18 20:57:14 - ....The ['*.PLC.Tag_*'] of KEPware.KEPServerEX.V4 read and store is ok .... 
2016-12-18 20:57:16 - ....The ['Random.Int4', '', ''] of Matrikon.OPC.Simulation.1 read and store is ok .... 
2016-12-18 20:57:26 - ....The ['Random.Int4', '', ''] of Matrikon.OPC.Simulation.1 read and store is ok .... 
2016-12-18 20:57:35 - ....The ['*.PLC.Tag_*'] of KEPware.KEPServerEX.V4 read and store is ok .... 
2016-12-18 20:57:36 - ....The ['Random.Int4', '', ''] of Matrikon.OPC.Simulation.1 read and store is ok .... 
2016-12-18 20:57:46 - ....The ['Random.Int4', '', ''] of Matrikon.OPC.Simulation.1 read and store is ok .... 
2016-12-18 20:57:55 - ....The ['*.PLC.Tag_*'] of KEPware.KEPServerEX.V4 read and store is ok .... 
2016-12-18 20:57:57 - ....The ['Random.Int4', '', ''] of Matrikon.OPC.Simulation.1 read and store is ok .... 
2016-12-18 20:58:07 - ....The ['Random.Int4', '', ''] of Matrikon.OPC.Simulation.1 read and store is ok .... 
2016-12-18 20:58:16 - ....The ['*.PLC.Tag_*'] of KEPware.KEPServerEX.V4 read and store is ok .... 
2016-12-18 20:58:17 - ....The ['Random.Int4', '', ''] of Matrikon.OPC.Simulation.1 read and store is ok .... 
2016-12-18 20:58:27 - ....The ['Random.Int4', '', ''] of Matrikon.OPC.Simulation.1 read and store is ok .... 
2016-12-18 20:58:36 - ....The ['*.PLC.Tag_*'] of KEPware.KEPServerEX.V4 read and store is ok .... 
2016-12-18 20:58:37 - ....The ['Random.Int4', '', ''] of Matrikon.OPC.Simulation.1 read and store is ok .... 
2016-12-18 20:58:47 - ....The ['Random.Int4', '', ''] of Matrikon.OPC.Simulation.1 read and store is ok .... 
2016-12-18 20:58:57 - ....The ['*.PLC.Tag_*'] of KEPware.KEPServerEX.V4 read and store is ok .... 
2016-12-18 20:58:57 - ....The ['Random.Int4', '', ''] of Matrikon.OPC.Simulation.1 read and store is ok .... 
